<?xml version="1.0" encoding="UTF-8"?>
<testsuite name="RunTest" tests="0" skipped="0" failures="0" errors="0" timestamp="1970-01-01T00:00:00" hostname="localhost.chaos" time="0.0">
  <properties/>
  <system-out><![CDATA[Feature: Test cases against www.sportsdirect.com
expectedPrize1 = 50.4
expectedPrize1 = 53.99
154.79

  Scenario:                                                 ?[90m# scenarios.feature:3?[0m
    ?[32mGiven ?[0m?[32mVisit www.sportsdirect.com?[0m                        ?[90m# Stepdefs.visit_www_sportsdirect_com()?[0m
    ?[32mWhen ?[0m?[32mUser chooses two products and puts them in the bag?[0m ?[90m# Stepdefs.user_chooses_two_products_and_puts_them_in_the_bag()?[0m
    ?[32mAnd ?[0m?[32mUser goes to the bag?[0m                                ?[90m# Stepdefs.user_goes_to_the_bag()?[0m
    ?[32mAnd ?[0m?[32mUser adds one more instance of shoes product?[0m        ?[90m# Stepdefs.user_adds_one_more_instance_of_shoes_product()?[0m
    ?[32mThen ?[0m?[32mEnsure that the total sum is calculated correctly?[0m  ?[90m# Stepdefs.ensure_that_the_total_sum_is_calculated_correctly()?[0m

1 Scenarios (?[32m1 passed?[0m)
5 Steps (?[32m5 passed?[0m)
0m32.578s

]]></system-out>
  <system-err><![CDATA[JavaScript warning: http://gr.sportsdirect.com/portals/sdgr/bundles/5073/js/header/responsiveskin.js?cdv=457905, line 11: Using //@ to indicate sourceMappingURL pragmas is deprecated. Use //# instead
JavaScript warning: http://gr.sportsdirect.com/portals/sdgr/bundles/5073/js/header/responsiveskin.js?cdv=457905, line 11: Using //@ to indicate sourceMappingURL pragmas is deprecated. Use //# instead
JavaScript warning: http://gr.sportsdirect.com/portals/sdgr/bundles/5073/js/header/responsiveskin.js?cdv=457905, line 11: Using //@ to indicate sourceMappingURL pragmas is deprecated. Use //# instead
JavaScript warning: http://gr.sportsdirect.com/portals/sdgr/bundles/5073/js/header/responsiveskin.js?cdv=457905, line 11: Using //@ to indicate sourceMappingURL pragmas is deprecated. Use //# instead
JavaScript warning: http://gr.sportsdirect.com/portals/sdgr/bundles/5073/js/header/responsiveskin.js?cdv=457905, line 11: Using //@ to indicate sourceMappingURL pragmas is deprecated. Use //# instead
JavaScript warning: http://gr.sportsdirect.com/portals/sdgr/bundles/5073/js/header/responsiveskin.js?cdv=457905, line 11: Using //@ to indicate sourceMappingURL pragmas is deprecated. Use //# instead
JavaScript warning: http://gr.sportsdirect.com/portals/sdgr/bundles/5073/js/header/responsiveskin.js?cdv=457905, line 11: Using //@ to indicate sourceMappingURL pragmas is deprecated. Use //# instead
JavaScript warning: http://gr.sportsdirect.com/portals/sdgr/bundles/5073/js/header/responsiveskin.js?cdv=457905, line 11: Using //@ to indicate sourceMappingURL pragmas is deprecated. Use //# instead
]]></system-err>
</testsuite>
