<?xml version="1.0" encoding="UTF-8"?>
<testsuite name="Scenario: " tests="6" skipped="0" failures="0" errors="0" timestamp="2017-06-13T22:28:47" hostname="localhost.chaos" time="24.268">
  <properties/>
  <testcase name="Given Visit www.sportsdirect.com" classname="Scenario: " time="0.001"/>
  <testcase name="When User chooses two products and puts them in the bag" classname="Scenario: " time="0.0"/>
  <testcase name="And User goes to the bag" classname="Scenario: " time="0.0"/>
  <testcase name="And User adds one more instance of shoes product" classname="Scenario: " time="0.0"/>
  <testcase name="Then Ensure that the total sum is calculated correctly" classname="Scenario: " time="0.0"/>
  <testcase name="classMethod" classname="Scenario: " time="32.586"/>
  <system-out><![CDATA[]]></system-out>
  <system-err><![CDATA[1497392920258	addons.manager	DEBUG	Application has been upgraded
1497392920341	addons.manager	DEBUG	Loaded provider scope for resource://gre/modules/addons/XPIProvider.jsm: ["XPIProvider"]
1497392920343	addons.manager	DEBUG	Loaded provider scope for resource://gre/modules/LightweightThemeManager.jsm: ["LightweightThemeManager"]
1497392920347	addons.manager	DEBUG	Loaded provider scope for resource://gre/modules/addons/GMPProvider.jsm
1497392920350	addons.manager	DEBUG	Loaded provider scope for resource://gre/modules/addons/PluginProvider.jsm
1497392920351	addons.manager	DEBUG	Starting provider: XPIProvider
1497392920352	addons.xpi	DEBUG	startup
1497392920352	addons.xpi	INFO	Mapping fxdriver@googlecode.com to /tmp/anonymous76289087642291647webdriver-profile/extensions/fxdriver@googlecode.com
1497392920353	addons.xpi	DEBUG	Ignoring file entry whose name is not a valid add-on ID: /tmp/anonymous76289087642291647webdriver-profile/extensions/webdriver-staging
1497392920353	addons.xpi	INFO	Removing all system add-on upgrades.
1497392920353	addons.xpi	INFO	SystemAddonInstallLocation directory is missing
1497392920354	addons.xpi	INFO	Mapping e10srollout@mozilla.org to /usr/lib64/firefox/browser/features/e10srollout@mozilla.org.xpi
1497392920355	addons.xpi	INFO	Mapping webcompat@mozilla.org to /usr/lib64/firefox/browser/features/webcompat@mozilla.org.xpi
1497392920355	addons.xpi	INFO	Mapping firefox@getpocket.com to /usr/lib64/firefox/browser/features/firefox@getpocket.com.xpi
1497392920356	addons.xpi	INFO	Mapping {972ce4c6-7e08-4474-a285-3208198ce6fd} to /usr/lib64/firefox/browser/extensions/{972ce4c6-7e08-4474-a285-3208198ce6fd}.xpi
1497392920358	addons.xpi	DEBUG	checkForChanges
1497392920358	addons.xpi	INFO	SystemAddonInstallLocation directory is missing
1497392920359	addons.xpi	DEBUG	Loaded add-on state from prefs: {}
1497392920360	addons.xpi	DEBUG	New add-on fxdriver@googlecode.com in app-profile
1497392920360	addons.xpi	DEBUG	getModTime: Recursive scan of fxdriver@googlecode.com
1497392920362	addons.xpi	DEBUG	New add-on e10srollout@mozilla.org in app-system-defaults
1497392920363	addons.xpi	DEBUG	getModTime: Recursive scan of e10srollout@mozilla.org
1497392920364	addons.xpi	DEBUG	New add-on webcompat@mozilla.org in app-system-defaults
1497392920364	addons.xpi	DEBUG	getModTime: Recursive scan of webcompat@mozilla.org
1497392920365	addons.xpi	DEBUG	New add-on firefox@getpocket.com in app-system-defaults
1497392920365	addons.xpi	DEBUG	getModTime: Recursive scan of firefox@getpocket.com
1497392920366	addons.xpi	DEBUG	New add-on {972ce4c6-7e08-4474-a285-3208198ce6fd} in app-global
1497392920366	addons.xpi	DEBUG	getModTime: Recursive scan of {972ce4c6-7e08-4474-a285-3208198ce6fd}
1497392920367	addons.xpi	DEBUG	getInstallState changed: true, state: {"app-profile":{"fxdriver@googlecode.com":{"d":"/tmp/anonymous76289087642291647webdriver-profile/extensions/fxdriver@googlecode.com","st":1497392920000,"mt":1497392919000}},"app-system-defaults":{"e10srollout@mozilla.org":{"d":"/usr/lib64/firefox/browser/features/e10srollout@mozilla.org.xpi","st":1495026161000},"webcompat@mozilla.org":{"d":"/usr/lib64/firefox/browser/features/webcompat@mozilla.org.xpi","st":1495026161000},"firefox@getpocket.com":{"d":"/usr/lib64/firefox/browser/features/firefox@getpocket.com.xpi","st":1495026161000}},"app-global":{"{972ce4c6-7e08-4474-a285-3208198ce6fd}":{"d":"/usr/lib64/firefox/browser/extensions/{972ce4c6-7e08-4474-a285-3208198ce6fd}.xpi","st":1495026161000}}}
1497392920375	addons.xpi-utils	DEBUG	Opening XPI database /tmp/anonymous76289087642291647webdriver-profile/extensions.json
1497392920376	addons.xpi-utils	DEBUG	New add-on fxdriver@googlecode.com installed in app-profile
*** Blocklist::_loadBlocklistFromFile: blocklist is disabled
1497392920398	DeferredSave.extensions.json	DEBUG	Save changes
1497392920403	addons.xpi-utils	DEBUG	New add-on e10srollout@mozilla.org installed in app-system-defaults
1497392920406	DeferredSave.extensions.json	DEBUG	Starting timer
1497392920408	DeferredSave.extensions.json	DEBUG	Save changes
1497392920408	addons.xpi-utils	DEBUG	New add-on webcompat@mozilla.org installed in app-system-defaults
1497392920413	DeferredSave.extensions.json	DEBUG	Save changes
1497392920415	addons.xpi-utils	DEBUG	New add-on firefox@getpocket.com installed in app-system-defaults
1497392920421	DeferredSave.extensions.json	DEBUG	Save changes
1497392920421	addons.xpi-utils	DEBUG	New add-on {972ce4c6-7e08-4474-a285-3208198ce6fd} installed in app-global
1497392920425	DeferredSave.extensions.json	DEBUG	Save changes
1497392920426	addons.manager	DEBUG	Registering startup change 'installed' for fxdriver@googlecode.com
1497392920427	addons.xpi-utils	DEBUG	Make addon app-profile:fxdriver@googlecode.com visible
1497392920430	addons.xpi	DEBUG	Add-on fxdriver@googlecode.com blocks e10s rollout.
1497392920430	DeferredSave.extensions.json	DEBUG	Save changes
1497392920431	addons.manager	DEBUG	Registering startup change 'installed' for e10srollout@mozilla.org
1497392920442	addons.xpi	DEBUG	Loading bootstrap scope from /usr/lib64/firefox/browser/features/e10srollout@mozilla.org.xpi
1497392920447	addons.xpi	DEBUG	Calling bootstrap method install on e10srollout@mozilla.org version 1.15
1497392920447	addons.xpi	DEBUG	Add-on fxdriver@googlecode.com blocks e10s rollout.
1497392920448	addons.xpi	DEBUG	Add-on fxdriver@googlecode.com blocks e10s rollout.
1497392920449	addons.xpi-utils	DEBUG	Make addon app-system-defaults:e10srollout@mozilla.org visible
1497392920450	addons.xpi	DEBUG	Add-on fxdriver@googlecode.com blocks e10s rollout.
1497392920450	DeferredSave.extensions.json	DEBUG	Save changes
1497392920450	addons.manager	DEBUG	Registering startup change 'installed' for webcompat@mozilla.org
1497392920451	addons.xpi	DEBUG	Loading bootstrap scope from /usr/lib64/firefox/browser/features/webcompat@mozilla.org.xpi
1497392920452	addons.xpi	DEBUG	Calling bootstrap method install on webcompat@mozilla.org version 1.0
1497392920452	addons.xpi-utils	DEBUG	Make addon app-system-defaults:webcompat@mozilla.org visible
1497392920453	addons.xpi	DEBUG	Add-on fxdriver@googlecode.com blocks e10s rollout.
1497392920453	DeferredSave.extensions.json	DEBUG	Save changes
1497392920453	addons.manager	DEBUG	Registering startup change 'installed' for firefox@getpocket.com
1497392920455	addons.xpi	DEBUG	Loading bootstrap scope from /usr/lib64/firefox/browser/features/firefox@getpocket.com.xpi
1497392920459	addons.xpi	DEBUG	Calling bootstrap method install on firefox@getpocket.com version 1.0.5
1497392920459	addons.xpi-utils	DEBUG	Make addon app-system-defaults:firefox@getpocket.com visible
1497392920460	addons.xpi	DEBUG	Add-on fxdriver@googlecode.com blocks e10s rollout.
1497392920460	DeferredSave.extensions.json	DEBUG	Save changes
1497392920460	addons.xpi-utils	DEBUG	Make addon app-global:{972ce4c6-7e08-4474-a285-3208198ce6fd} visible
1497392920461	addons.xpi	DEBUG	Add-on fxdriver@googlecode.com blocks e10s rollout.
1497392920461	DeferredSave.extensions.json	DEBUG	Save changes
1497392920462	addons.xpi	DEBUG	Updating XPIState for {"id":"fxdriver@googlecode.com","syncGUID":"{dd97c29b-0021-494f-9bd9-56e085daf197}","location":"app-profile","version":"3.4.0","type":"extension","internalName":null,"updateURL":null,"updateKey":null,"optionsURL":null,"optionsType":null,"aboutURL":null,"icons":{},"iconURL":null,"icon64URL":null,"defaultLocale":{"name":"Firefox WebDriver","description":"WebDriver implementation for Firefox","creator":"Simon Stewart","homepageURL":null},"visible":true,"active":true,"userDisabled":false,"appDisabled":false,"descriptor":"/tmp/anonymous76289087642291647webdriver-profile/extensions/fxdriver@googlecode.com","installDate":1497392920000,"updateDate":1497392920000,"applyBackgroundUpdates":1,"bootstrap":false,"skinnable":false,"size":3303362,"sourceURI":null,"releaseNotesURI":null,"softDisabled":false,"foreignInstall":true,"hasBinaryComponents":false,"strictCompatibility":false,"locales":[],"targetApplications":[{"id":"{ec8030f7-c20a-464f-9b0e-13a3a9e97384}","minVersion":"3.0","maxVersion":"48.0"}],"targetPlatforms":[{"os":"Darwin","abi":null},{"os":"SunOS","abi":null},{"os":"FreeBSD","abi":null},{"os":"OpenBSD","abi":null},{"os":"WINNT","abi":null},{"os":"Linux","abi":null}],"multiprocessCompatible":false,"signedState":0,"seen":true,"dependencies":[],"hasEmbeddedWebExtension":false,"mpcOptedOut":false,"userPermissions":null}
1497392920462	addons.xpi	DEBUG	getModTime: Recursive scan of fxdriver@googlecode.com
1497392920465	addons.xpi	DEBUG	Updating XPIState for {"id":"e10srollout@mozilla.org","syncGUID":"{4f1dfb5b-5643-4e2e-bb29-48d99a39c9a1}","location":"app-system-defaults","version":"1.15","type":"extension","internalName":null,"updateURL":null,"updateKey":null,"optionsURL":null,"optionsType":null,"aboutURL":null,"icons":{},"iconURL":null,"icon64URL":null,"defaultLocale":{"name":"Multi-process staged rollout","description":"Staged rollout of Firefox multi-process feature.","creator":null,"homepageURL":null},"visible":true,"active":true,"userDisabled":false,"appDisabled":false,"descriptor":"/usr/lib64/firefox/browser/features/e10srollout@mozilla.org.xpi","installDate":1495026161000,"updateDate":1495026161000,"applyBackgroundUpdates":1,"bootstrap":true,"skinnable":false,"size":9438,"sourceURI":null,"releaseNotesURI":null,"softDisabled":false,"foreignInstall":false,"hasBinaryComponents":false,"strictCompatibility":false,"locales":[],"targetApplications":[{"id":"{ec8030f7-c20a-464f-9b0e-13a3a9e97384}","minVersion":"53.0.2","maxVersion":"53.*"}],"targetPlatforms":[],"multiprocessCompatible":true,"seen":true,"dependencies":[],"hasEmbeddedWebExtension":false,"mpcOptedOut":false,"userPermissions":null}
1497392920465	addons.xpi	DEBUG	getModTime: Recursive scan of e10srollout@mozilla.org
1497392920466	addons.xpi	DEBUG	Updating XPIState for {"id":"webcompat@mozilla.org","syncGUID":"{db1cf067-02fc-4d2c-9bb3-d659ef137245}","location":"app-system-defaults","version":"1.0","type":"extension","internalName":null,"updateURL":null,"updateKey":null,"optionsURL":null,"optionsType":null,"aboutURL":null,"icons":{},"iconURL":null,"icon64URL":null,"defaultLocale":{"name":"Web Compat","description":"Urgent post-release fixes for web compatibility.","creator":null,"homepageURL":null},"visible":true,"active":true,"userDisabled":false,"appDisabled":false,"descriptor":"/usr/lib64/firefox/browser/features/webcompat@mozilla.org.xpi","installDate":1495026161000,"updateDate":1495026161000,"applyBackgroundUpdates":1,"bootstrap":true,"skinnable":false,"size":1456,"sourceURI":null,"releaseNotesURI":null,"softDisabled":false,"foreignInstall":false,"hasBinaryComponents":false,"strictCompatibility":false,"locales":[],"targetApplications":[{"id":"{ec8030f7-c20a-464f-9b0e-13a3a9e97384}","minVersion":"53.0.2","maxVersion":"53.*"}],"targetPlatforms":[],"multiprocessCompatible":true,"seen":true,"dependencies":[],"hasEmbeddedWebExtension":false,"mpcOptedOut":false,"userPermissions":null}
1497392920467	addons.xpi	DEBUG	getModTime: Recursive scan of webcompat@mozilla.org
1497392920467	addons.xpi	DEBUG	Updating XPIState for {"id":"firefox@getpocket.com","syncGUID":"{66e7acee-c563-4b99-94d0-e4fec707de88}","location":"app-system-defaults","version":"1.0.5","type":"extension","internalName":null,"updateURL":null,"updateKey":null,"optionsURL":null,"optionsType":null,"aboutURL":null,"icons":{},"iconURL":null,"icon64URL":null,"defaultLocale":{"name":"Pocket","description":"When you find something you want to view later, put it in Pocket.","creator":null,"homepageURL":null},"visible":true,"active":true,"userDisabled":false,"appDisabled":false,"descriptor":"/usr/lib64/firefox/browser/features/firefox@getpocket.com.xpi","installDate":1495026161000,"updateDate":1495026161000,"applyBackgroundUpdates":1,"bootstrap":true,"skinnable":false,"size":913565,"sourceURI":null,"releaseNotesURI":null,"softDisabled":false,"foreignInstall":false,"hasBinaryComponents":false,"strictCompatibility":false,"locales":[],"targetApplications":[{"id":"{ec8030f7-c20a-464f-9b0e-13a3a9e97384}","minVersion":"53.0.2","maxVersion":"53.*"}],"targetPlatforms":[],"multiprocessCompatible":true,"seen":true,"dependencies":[],"hasEmbeddedWebExtension":false,"mpcOptedOut":false,"userPermissions":null}
1497392920468	addons.xpi	DEBUG	getModTime: Recursive scan of firefox@getpocket.com
1497392920468	addons.xpi	DEBUG	Updating XPIState for {"id":"{972ce4c6-7e08-4474-a285-3208198ce6fd}","syncGUID":"{ea765ef7-b3ef-4dfd-9589-d456674fcf5c}","location":"app-global","version":"53.0.2","type":"theme","internalName":"classic/1.0","updateURL":null,"updateKey":null,"optionsURL":null,"optionsType":null,"aboutURL":null,"icons":{},"iconURL":"chrome://browser/content/default-theme-icon.svg","icon64URL":null,"defaultLocale":{"name":"Default","description":"The default theme.","creator":"Mozilla","homepageURL":null,"contributors":["Mozilla Contributors"]},"visible":true,"active":true,"userDisabled":false,"appDisabled":false,"descriptor":"/usr/lib64/firefox/browser/extensions/{972ce4c6-7e08-4474-a285-3208198ce6fd}.xpi","installDate":1495026161000,"updateDate":1495026161000,"applyBackgroundUpdates":1,"skinnable":true,"size":2918,"sourceURI":null,"releaseNotesURI":null,"softDisabled":false,"foreignInstall":false,"hasBinaryComponents":false,"strictCompatibility":true,"locales":[],"targetApplications":[{"id":"{ec8030f7-c20a-464f-9b0e-13a3a9e97384}","minVersion":"53.0.2","maxVersion":"53.0.2"}],"targetPlatforms":[],"seen":true,"dependencies":[],"hasEmbeddedWebExtension":false,"userPermissions":null}
1497392920469	addons.xpi	DEBUG	getModTime: Recursive scan of {972ce4c6-7e08-4474-a285-3208198ce6fd}
1497392920470	addons.xpi	DEBUG	Add-on fxdriver@googlecode.com blocks e10s rollout.
1497392920471	DeferredSave.extensions.json	DEBUG	Save changes
1497392920471	addons.xpi	DEBUG	Updating database with changes to installed add-ons
1497392920471	addons.xpi-utils	DEBUG	Updating add-on states
1497392920472	addons.xpi-utils	DEBUG	Writing add-ons list
1497392920475	addons.xpi	DEBUG	Registering manifest for /usr/lib64/firefox/browser/features/e10srollout@mozilla.org.xpi
1497392920475	addons.xpi	DEBUG	Calling bootstrap method startup on e10srollout@mozilla.org version 1.15
1497392920477	addons.xpi	DEBUG	Registering manifest for /usr/lib64/firefox/browser/features/firefox@getpocket.com.xpi
1497392920478	addons.xpi	DEBUG	Calling bootstrap method startup on firefox@getpocket.com version 1.0.5
1497392920480	addons.xpi	DEBUG	Registering manifest for /usr/lib64/firefox/browser/features/webcompat@mozilla.org.xpi
1497392920480	addons.xpi	DEBUG	Calling bootstrap method startup on webcompat@mozilla.org version 1.0
1497392920483	addons.manager	DEBUG	Registering shutdown blocker for XPIProvider
1497392920483	addons.manager	DEBUG	Provider finished startup: XPIProvider
1497392920483	addons.manager	DEBUG	Starting provider: LightweightThemeManager
1497392920484	addons.manager	DEBUG	Registering shutdown blocker for LightweightThemeManager
1497392920484	addons.manager	DEBUG	Provider finished startup: LightweightThemeManager
1497392920485	addons.manager	DEBUG	Starting provider: GMPProvider
1497392920489	addons.manager	DEBUG	Registering shutdown blocker for GMPProvider
1497392920489	addons.manager	DEBUG	Provider finished startup: GMPProvider
1497392920489	addons.manager	DEBUG	Starting provider: PluginProvider
1497392920490	addons.manager	DEBUG	Registering shutdown blocker for PluginProvider
1497392920491	addons.manager	DEBUG	Provider finished startup: PluginProvider
1497392920492	addons.manager	DEBUG	Completed startup sequence
1497392920718	DeferredSave.extensions.json	DEBUG	Starting write
1497392920726	addons.manager	DEBUG	Starting provider: <unnamed-provider>
1497392920726	addons.manager	DEBUG	Registering shutdown blocker for <unnamed-provider>
1497392920726	addons.manager	DEBUG	Provider finished startup: <unnamed-provider>
1497392920827	addons.repository	DEBUG	No addons.json found.
1497392920828	DeferredSave.addons.json	DEBUG	Save changes
1497392920832	DeferredSave.addons.json	DEBUG	Starting timer
1497392920852	addons.manager	DEBUG	Starting provider: PreviousExperimentProvider
1497392920852	addons.manager	DEBUG	Registering shutdown blocker for PreviousExperimentProvider
1497392920852	addons.manager	DEBUG	Provider finished startup: PreviousExperimentProvider
1497392920855	DeferredSave.extensions.json	DEBUG	Write succeeded
1497392920856	addons.xpi-utils	DEBUG	XPI Database saved, setting schema version preference to 19
1497392920885	DeferredSave.addons.json	DEBUG	Starting write
1497392920894	DeferredSave.addons.json	DEBUG	Write succeeded
Jun 14, 2017 1:28:43 AM org.openqa.selenium.remote.ProtocolHandshake createSession
INFO: Detected dialect: OSS
JavaScript warning: http://gr.sportsdirect.com/portals/sdgr/bundles/5073/js/header/responsiveskin.js?cdv=457905, line 11: Using //@ to indicate sourceMappingURL pragmas is deprecated. Use //# instead
JavaScript warning: http://gr.sportsdirect.com/portals/sdgr/bundles/5073/js/header/responsiveskin.js?cdv=457905, line 11: Using //@ to indicate sourceMappingURL pragmas is deprecated. Use //# instead
]]></system-err>
</testsuite>
